<?xml version="1.0"?>
<testsuites>
  <testsuite name="Chrome 31.0.1650 (Windows 7)" package="undefined" timestamp="2013-12-11T17:47:04" id="0" hostname="Xavier" tests="6" errors="0" failures="0" time="0.047">
    <properties>
      <property name="browser.fullName" value="Mozilla/5.0 (Windows NT 6.1; WOW64) AppleWebKit/537.36 (KHTML, like Gecko) Chrome/31.0.1650.63 Safari/537.36"/>
    </properties>
    <testcase name="Test four fields" time="0.031" classname="Chrome 31.0.1650 (Windows 7).NPC Editor Unit Test"/>
    <testcase name="Test npcs field npcName type is string" time="0" classname="Chrome 31.0.1650 (Windows 7).NPC Editor Unit Test"/>
    <testcase name="Test npcs field hitPoints type is number" time="0" classname="Chrome 31.0.1650 (Windows 7).NPC Editor Unit Test"/>
    <testcase name="Test npcs field health type is number" time="0.016" classname="Chrome 31.0.1650 (Windows 7).NPC Editor Unit Test"/>
    <testcase name="Test npcs field totalMoves type is number" time="0" classname="Chrome 31.0.1650 (Windows 7).NPC Editor Unit Test"/>
    <testcase name="Test first record has default values set to Lucy" time="0" classname="Chrome 31.0.1650 (Windows 7).NPC Editor Unit Test"/>
    <system-out><![CDATA[
]]></system-out>
    <system-err/>
  </testsuite>
</testsuites>
